<?xml version="1.0" encoding="UTF-8"?>
<testng-results ignored="0" total="1" passed="1" failed="0" skipped="0">
  <reporter-output>
  </reporter-output>
  <suite started-at="2022-10-10T19:49:22 IST" name="Default suite" finished-at="2022-10-10T19:49:25 IST" duration-ms="3186">
    <groups>
    </groups>
    <test started-at="2022-10-10T19:49:22 IST" name="Default test" finished-at="2022-10-10T19:49:25 IST" duration-ms="3186">
      <class name="RequestandResponseBuilder.RequestAndResposeSpec">
        <test-method signature="builder()[pri:0, instance:RequestandResponseBuilder.RequestAndResposeSpec@49ec71f8]" started-at="2022-10-10T19:49:22 IST" name="builder" finished-at="2022-10-10T19:49:25 IST" duration-ms="3109" status="PASS">
          <reporter-output>
          </reporter-output>
        </test-method> <!-- builder -->
      </class> <!-- RequestandResponseBuilder.RequestAndResposeSpec -->
    </test> <!-- Default test -->
  </suite> <!-- Default suite -->
</testng-results>
