<?xml version="1.0" encoding="UTF-8"?>
<testng-results ignored="0" total="1" passed="1" failed="0" skipped="0">
  <reporter-output>
  </reporter-output>
  <suite started-at="2022-09-27T17:24:00 IST" name="Default suite" finished-at="2022-09-27T17:24:04 IST" duration-ms="3869">
    <groups>
    </groups>
    <test started-at="2022-09-27T17:24:00 IST" name="Default test" finished-at="2022-09-27T17:24:04 IST" duration-ms="3869">
      <class name="JIRA_RestAssured.JiraTest001">
        <test-method signature="loginComment()[pri:0, instance:JIRA_RestAssured.JiraTest001@41e36e46]" started-at="2022-09-27T17:24:00 IST" name="loginComment" finished-at="2022-09-27T17:24:04 IST" duration-ms="3782" status="PASS">
          <reporter-output>
          </reporter-output>
        </test-method> <!-- loginComment -->
      </class> <!-- JIRA_RestAssured.JiraTest001 -->
    </test> <!-- Default test -->
  </suite> <!-- Default suite -->
</testng-results>
